This is pdfTeX, Version 3.141592653-2.6-1.40.24 (TeX Live 2022/Arch Linux) (preloaded format=pdflatex 2022.4.30)  4 MAY 2022 22:25
entering extended mode
 restricted \write18 enabled.
 file:line:error style messages enabled.
 %&-line parsing enabled.
**main.tex
(./main.tex
LaTeX2e <2021-11-15> patch level 1
L3 programming layer <2022-04-10> (/usr/share/texmf-dist/tex/latex/base/book.cls
Document Class: book 2021/10/04 v1.4n Standard LaTeX document class
(/usr/share/texmf-dist/tex/latex/base/bk12.clo
File: bk12.clo 2021/10/04 v1.4n Standard LaTeX file (size option)
)
\c@part=\count185
\c@chapter=\count186
\c@section=\count187
\c@subsection=\count188
\c@subsubsection=\count189
\c@paragraph=\count190
\c@subparagraph=\count191
\c@figure=\count192
\c@table=\count193
\abovecaptionskip=\skip47
\belowcaptionskip=\skip48
\bibindent=\dimen138
) (/usr/share/texmf-dist/tex/latex/base/inputenc.sty
Package: inputenc 2021/02/14 v1.3d Input encoding file
\inpenc@prehook=\toks16
\inpenc@posthook=\toks17
) (/usr/share/texmf-dist/tex/latex/graphics/graphicx.sty
Package: graphicx 2021/09/16 v1.2d Enhanced LaTeX Graphics (DPC,SPQR)
 (/usr/share/texmf-dist/tex/latex/graphics/keyval.sty
Package: keyval 2014/10/28 v1.15 key=value parser (DPC)
\KV@toks@=\toks18
) (/usr/share/texmf-dist/tex/latex/graphics/graphics.sty
Package: graphics 2021/03/04 v1.4d Standard LaTeX Graphics (DPC,SPQR)
 (/usr/share/texmf-dist/tex/latex/graphics/trig.sty
Package: trig 2021/08/11 v1.11 sin cos tan (DPC)
) (/usr/share/texmf-dist/tex/latex/graphics-cfg/graphics.cfg
File: graphics.cfg 2016/06/04 v1.11 sample graphics configuration
)
Package graphics Info: Driver file: pdftex.def on input line 107.
 (/usr/share/texmf-dist/tex/latex/graphics-def/pdftex.def
File: pdftex.def 2020/10/05 v1.2a Graphics/color driver for pdftex
))
\Gin@req@height=\dimen139
\Gin@req@width=\dimen140
) (/usr/share/texmf-dist/tex/latex/listings/listings.sty
\lst@mode=\count194
\lst@gtempboxa=\box50
\lst@token=\toks19
\lst@length=\count195
\lst@currlwidth=\dimen141
\lst@column=\count196
\lst@pos=\count197
\lst@lostspace=\dimen142
\lst@width=\dimen143
\lst@newlines=\count198
\lst@lineno=\count199
\lst@maxwidth=\dimen144
 (/usr/share/texmf-dist/tex/latex/listings/lstmisc.sty
File: lstmisc.sty 2020/03/24 1.8d (Carsten Heinz)
\c@lstnumber=\count266
\lst@skipnumbers=\count267
\lst@framebox=\box51
) (/usr/share/texmf-dist/tex/latex/listings/listings.cfg
File: listings.cfg 2020/03/24 1.8d listings configuration
))
Package: listings 2020/03/24 1.8d (Carsten Heinz)
 (/usr/share/texmf-dist/tex/latex/amsmath/amsmath.sty
Package: amsmath 2021/10/15 v2.17l AMS math features
\@mathmargin=\skip49

For additional information on amsmath, use the `?' option.
(/usr/share/texmf-dist/tex/latex/amsmath/amstext.sty
Package: amstext 2021/08/26 v2.01 AMS text
 (/usr/share/texmf-dist/tex/latex/amsmath/amsgen.sty
File: amsgen.sty 1999/11/30 v2.0 generic functions
\@emptytoks=\toks20
\ex@=\dimen145
)) (/usr/share/texmf-dist/tex/latex/amsmath/amsbsy.sty
Package: amsbsy 1999/11/29 v1.2d Bold Symbols
\pmbraise@=\dimen146
) (/usr/share/texmf-dist/tex/latex/amsmath/amsopn.sty
Package: amsopn 2021/08/26 v2.02 operator names
)
\inf@bad=\count268
LaTeX Info: Redefining \frac on input line 234.
\uproot@=\count269
\leftroot@=\count270
LaTeX Info: Redefining \overline on input line 399.
\classnum@=\count271
\DOTSCASE@=\count272
LaTeX Info: Redefining \ldots on input line 496.
LaTeX Info: Redefining \dots on input line 499.
LaTeX Info: Redefining \cdots on input line 620.
\Mathstrutbox@=\box52
\strutbox@=\box53
\big@size=\dimen147
LaTeX Font Info:    Redeclaring font encoding OML on input line 743.
LaTeX Font Info:    Redeclaring font encoding OMS on input line 744.
\macc@depth=\count273
\c@MaxMatrixCols=\count274
\dotsspace@=\muskip16
\c@parentequation=\count275
\dspbrk@lvl=\count276
\tag@help=\toks21
\row@=\count277
\column@=\count278
\maxfields@=\count279
\andhelp@=\toks22
\eqnshift@=\dimen148
\alignsep@=\dimen149
\tagshift@=\dimen150
\tagwidth@=\dimen151
\totwidth@=\dimen152
\lineht@=\dimen153
\@envbody=\toks23
\multlinegap=\skip50
\multlinetaggap=\skip51
\mathdisplay@stack=\toks24
LaTeX Info: Redefining \[ on input line 2938.
LaTeX Info: Redefining \] on input line 2939.
) (/usr/share/texmf-dist/tex/latex/xcolor/xcolor.sty
Package: xcolor 2021/10/31 v2.13 LaTeX color extensions (UK)
 (/usr/share/texmf-dist/tex/latex/graphics-cfg/color.cfg
File: color.cfg 2016/01/02 v1.6 sample color configuration
)
Package xcolor Info: Driver file: pdftex.def on input line 227.
Package xcolor Info: Model `cmy' substituted by `cmy0' on input line 1352.
Package xcolor Info: Model `hsb' substituted by `rgb' on input line 1356.
Package xcolor Info: Model `RGB' extended on input line 1368.
Package xcolor Info: Model `HTML' substituted by `rgb' on input line 1370.
Package xcolor Info: Model `Hsb' substituted by `hsb' on input line 1371.
Package xcolor Info: Model `tHsb' substituted by `hsb' on input line 1372.
Package xcolor Info: Model `HSB' substituted by `hsb' on input line 1373.
Package xcolor Info: Model `Gray' substituted by `gray' on input line 1374.
Package xcolor Info: Model `wave' substituted by `hsb' on input line 1375.
) (/usr/share/texmf-dist/tex/latex/url/url.sty
\Urlmuskip=\muskip17
Package: url 2013/09/16  ver 3.4  Verb mode for urls, etc.
) (/usr/share/texmf-dist/tex/latex/pgf/frontendlayer/tikz.sty (/usr/share/texmf-dist/tex/latex/pgf/basiclayer/pgf.sty (/usr/share/texmf-dist/tex/latex/pgf/utilities/pgfrcs.sty (/usr/share/texmf-dist/tex/generic/pgf/utilities/pgfutil-common.tex
\pgfutil@everybye=\toks25
\pgfutil@tempdima=\dimen154
\pgfutil@tempdimb=\dimen155
 (/usr/share/texmf-dist/tex/generic/pgf/utilities/pgfutil-common-lists.tex)) (/usr/share/texmf-dist/tex/generic/pgf/utilities/pgfutil-latex.def
\pgfutil@abb=\box54
) (/usr/share/texmf-dist/tex/generic/pgf/utilities/pgfrcs.code.tex (/usr/share/texmf-dist/tex/generic/pgf/pgf.revision.tex)
Package: pgfrcs 2021/05/15 v3.1.9a (3.1.9a)
))
Package: pgf 2021/05/15 v3.1.9a (3.1.9a)
 (/usr/share/texmf-dist/tex/latex/pgf/basiclayer/pgfcore.sty (/usr/share/texmf-dist/tex/latex/pgf/systemlayer/pgfsys.sty (/usr/share/texmf-dist/tex/generic/pgf/systemlayer/pgfsys.code.tex
Package: pgfsys 2021/05/15 v3.1.9a (3.1.9a)
 (/usr/share/texmf-dist/tex/generic/pgf/utilities/pgfkeys.code.tex
\pgfkeys@pathtoks=\toks26
\pgfkeys@temptoks=\toks27
 (/usr/share/texmf-dist/tex/generic/pgf/utilities/pgfkeysfiltered.code.tex
\pgfkeys@tmptoks=\toks28
))
\pgf@x=\dimen156
\pgf@y=\dimen157
\pgf@xa=\dimen158
\pgf@ya=\dimen159
\pgf@xb=\dimen160
\pgf@yb=\dimen161
\pgf@xc=\dimen162
\pgf@yc=\dimen163
\pgf@xd=\dimen164
\pgf@yd=\dimen165
\w@pgf@writea=\write3
\r@pgf@reada=\read2
\c@pgf@counta=\count280
\c@pgf@countb=\count281
\c@pgf@countc=\count282
\c@pgf@countd=\count283
\t@pgf@toka=\toks29
\t@pgf@tokb=\toks30
\t@pgf@tokc=\toks31
\pgf@sys@id@count=\count284
 (/usr/share/texmf-dist/tex/generic/pgf/systemlayer/pgf.cfg
File: pgf.cfg 2021/05/15 v3.1.9a (3.1.9a)
)
Driver file for pgf: pgfsys-pdftex.def
 (/usr/share/texmf-dist/tex/generic/pgf/systemlayer/pgfsys-pdftex.def
File: pgfsys-pdftex.def 2021/05/15 v3.1.9a (3.1.9a)
 (/usr/share/texmf-dist/tex/generic/pgf/systemlayer/pgfsys-common-pdf.def
File: pgfsys-common-pdf.def 2021/05/15 v3.1.9a (3.1.9a)
))) (/usr/share/texmf-dist/tex/generic/pgf/systemlayer/pgfsyssoftpath.code.tex
File: pgfsyssoftpath.code.tex 2021/05/15 v3.1.9a (3.1.9a)
\pgfsyssoftpath@smallbuffer@items=\count285
\pgfsyssoftpath@bigbuffer@items=\count286
) (/usr/share/texmf-dist/tex/generic/pgf/systemlayer/pgfsysprotocol.code.tex
File: pgfsysprotocol.code.tex 2021/05/15 v3.1.9a (3.1.9a)
)) (/usr/share/texmf-dist/tex/generic/pgf/basiclayer/pgfcore.code.tex
Package: pgfcore 2021/05/15 v3.1.9a (3.1.9a)
 (/usr/share/texmf-dist/tex/generic/pgf/math/pgfmath.code.tex (/usr/share/texmf-dist/tex/generic/pgf/math/pgfmathcalc.code.tex (/usr/share/texmf-dist/tex/generic/pgf/math/pgfmathutil.code.tex) (/usr/share/texmf-dist/tex/generic/pgf/math/pgfmathparser.code.tex
\pgfmath@dimen=\dimen166
\pgfmath@count=\count287
\pgfmath@box=\box55
\pgfmath@toks=\toks32
\pgfmath@stack@operand=\toks33
\pgfmath@stack@operation=\toks34
) (/usr/share/texmf-dist/tex/generic/pgf/math/pgfmathfunctions.code.tex
(/usr/share/texmf-dist/tex/generic/pgf/math/pgfmathfunctions.basic.code.tex) (/usr/share/texmf-dist/tex/generic/pgf/math/pgfmathfunctions.trigonometric.code.tex) (/usr/share/texmf-dist/tex/generic/pgf/math/pgfmathfunctions.random.code.tex) (/usr/share/texmf-dist/tex/generic/pgf/math/pgfmathfunctions.comparison.code.tex) (/usr/share/texmf-dist/tex/generic/pgf/math/pgfmathfunctions.base.code.tex) (/usr/share/texmf-dist/tex/generic/pgf/math/pgfmathfunctions.round.code.tex) (/usr/share/texmf-dist/tex/generic/pgf/math/pgfmathfunctions.misc.code.tex) (/usr/share/texmf-dist/tex/generic/pgf/math/pgfmathfunctions.integerarithmetics.code.tex))) (/usr/share/texmf-dist/tex/generic/pgf/math/pgfmathfloat.code.tex
\c@pgfmathroundto@lastzeros=\count288
)) (/usr/share/texmf-dist/tex/generic/pgf/math/pgfint.code.tex) (/usr/share/texmf-dist/tex/generic/pgf/basiclayer/pgfcorepoints.code.tex
File: pgfcorepoints.code.tex 2021/05/15 v3.1.9a (3.1.9a)
\pgf@picminx=\dimen167
\pgf@picmaxx=\dimen168
\pgf@picminy=\dimen169
\pgf@picmaxy=\dimen170
\pgf@pathminx=\dimen171
\pgf@pathmaxx=\dimen172
\pgf@pathminy=\dimen173
\pgf@pathmaxy=\dimen174
\pgf@xx=\dimen175
\pgf@xy=\dimen176
\pgf@yx=\dimen177
\pgf@yy=\dimen178
\pgf@zx=\dimen179
\pgf@zy=\dimen180
) (/usr/share/texmf-dist/tex/generic/pgf/basiclayer/pgfcorepathconstruct.code.tex
File: pgfcorepathconstruct.code.tex 2021/05/15 v3.1.9a (3.1.9a)
\pgf@path@lastx=\dimen181
\pgf@path@lasty=\dimen182
) (/usr/share/texmf-dist/tex/generic/pgf/basiclayer/pgfcorepathusage.code.tex
File: pgfcorepathusage.code.tex 2021/05/15 v3.1.9a (3.1.9a)
\pgf@shorten@end@additional=\dimen183
\pgf@shorten@start@additional=\dimen184
) (/usr/share/texmf-dist/tex/generic/pgf/basiclayer/pgfcorescopes.code.tex
File: pgfcorescopes.code.tex 2021/05/15 v3.1.9a (3.1.9a)
\pgfpic=\box56
\pgf@hbox=\box57
\pgf@layerbox@main=\box58
\pgf@picture@serial@count=\count289
) (/usr/share/texmf-dist/tex/generic/pgf/basiclayer/pgfcoregraphicstate.code.tex
File: pgfcoregraphicstate.code.tex 2021/05/15 v3.1.9a (3.1.9a)
\pgflinewidth=\dimen185
) (/usr/share/texmf-dist/tex/generic/pgf/basiclayer/pgfcoretransformations.code.tex
File: pgfcoretransformations.code.tex 2021/05/15 v3.1.9a (3.1.9a)
\pgf@pt@x=\dimen186
\pgf@pt@y=\dimen187
\pgf@pt@temp=\dimen188
) (/usr/share/texmf-dist/tex/generic/pgf/basiclayer/pgfcorequick.code.tex
File: pgfcorequick.code.tex 2021/05/15 v3.1.9a (3.1.9a)
) (/usr/share/texmf-dist/tex/generic/pgf/basiclayer/pgfcoreobjects.code.tex
File: pgfcoreobjects.code.tex 2021/05/15 v3.1.9a (3.1.9a)
) (/usr/share/texmf-dist/tex/generic/pgf/basiclayer/pgfcorepathprocessing.code.tex
File: pgfcorepathprocessing.code.tex 2021/05/15 v3.1.9a (3.1.9a)
) (/usr/share/texmf-dist/tex/generic/pgf/basiclayer/pgfcorearrows.code.tex
File: pgfcorearrows.code.tex 2021/05/15 v3.1.9a (3.1.9a)
\pgfarrowsep=\dimen189
) (/usr/share/texmf-dist/tex/generic/pgf/basiclayer/pgfcoreshade.code.tex
File: pgfcoreshade.code.tex 2021/05/15 v3.1.9a (3.1.9a)
\pgf@max=\dimen190
\pgf@sys@shading@range@num=\count290
\pgf@shadingcount=\count291
) (/usr/share/texmf-dist/tex/generic/pgf/basiclayer/pgfcoreimage.code.tex
File: pgfcoreimage.code.tex 2021/05/15 v3.1.9a (3.1.9a)
 (/usr/share/texmf-dist/tex/generic/pgf/basiclayer/pgfcoreexternal.code.tex
File: pgfcoreexternal.code.tex 2021/05/15 v3.1.9a (3.1.9a)
\pgfexternal@startupbox=\box59
)) (/usr/share/texmf-dist/tex/generic/pgf/basiclayer/pgfcorelayers.code.tex
File: pgfcorelayers.code.tex 2021/05/15 v3.1.9a (3.1.9a)
) (/usr/share/texmf-dist/tex/generic/pgf/basiclayer/pgfcoretransparency.code.tex
File: pgfcoretransparency.code.tex 2021/05/15 v3.1.9a (3.1.9a)
) (/usr/share/texmf-dist/tex/generic/pgf/basiclayer/pgfcorepatterns.code.tex
File: pgfcorepatterns.code.tex 2021/05/15 v3.1.9a (3.1.9a)
)
(/usr/share/texmf-dist/tex/generic/pgf/basiclayer/pgfcorerdf.code.tex
File: pgfcorerdf.code.tex 2021/05/15 v3.1.9a (3.1.9a)
))) (/usr/share/texmf-dist/tex/generic/pgf/modules/pgfmoduleshapes.code.tex
File: pgfmoduleshapes.code.tex 2021/05/15 v3.1.9a (3.1.9a)
\pgfnodeparttextbox=\box60
) (/usr/share/texmf-dist/tex/generic/pgf/modules/pgfmoduleplot.code.tex
File: pgfmoduleplot.code.tex 2021/05/15 v3.1.9a (3.1.9a)
) (/usr/share/texmf-dist/tex/latex/pgf/compatibility/pgfcomp-version-0-65.sty
Package: pgfcomp-version-0-65 2021/05/15 v3.1.9a (3.1.9a)
\pgf@nodesepstart=\dimen191
\pgf@nodesepend=\dimen192
) (/usr/share/texmf-dist/tex/latex/pgf/compatibility/pgfcomp-version-1-18.sty
Package: pgfcomp-version-1-18 2021/05/15 v3.1.9a (3.1.9a)
)) (/usr/share/texmf-dist/tex/latex/pgf/utilities/pgffor.sty (/usr/share/texmf-dist/tex/latex/pgf/utilities/pgfkeys.sty (/usr/share/texmf-dist/tex/generic/pgf/utilities/pgfkeys.code.tex)) (/usr/share/texmf-dist/tex/latex/pgf/math/pgfmath.sty (/usr/share/texmf-dist/tex/generic/pgf/math/pgfmath.code.tex)) (/usr/share/texmf-dist/tex/generic/pgf/utilities/pgffor.code.tex
Package: pgffor 2021/05/15 v3.1.9a (3.1.9a)
 (/usr/share/texmf-dist/tex/generic/pgf/math/pgfmath.code.tex)
\pgffor@iter=\dimen193
\pgffor@skip=\dimen194
\pgffor@stack=\toks35
\pgffor@toks=\toks36
)) (/usr/share/texmf-dist/tex/generic/pgf/frontendlayer/tikz/tikz.code.tex
Package: tikz 2021/05/15 v3.1.9a (3.1.9a)
 (/usr/share/texmf-dist/tex/generic/pgf/libraries/pgflibraryplothandlers.code.tex
File: pgflibraryplothandlers.code.tex 2021/05/15 v3.1.9a (3.1.9a)
\pgf@plot@mark@count=\count292
\pgfplotmarksize=\dimen195
)
\tikz@lastx=\dimen196
\tikz@lasty=\dimen197
\tikz@lastxsaved=\dimen198
\tikz@lastysaved=\dimen199
\tikz@lastmovetox=\dimen256
\tikz@lastmovetoy=\dimen257
\tikzleveldistance=\dimen258
\tikzsiblingdistance=\dimen259
\tikz@figbox=\box61
\tikz@figbox@bg=\box62
\tikz@tempbox=\box63
\tikz@tempbox@bg=\box64
\tikztreelevel=\count293
\tikznumberofchildren=\count294
\tikznumberofcurrentchild=\count295
\tikz@fig@count=\count296
 (/usr/share/texmf-dist/tex/generic/pgf/modules/pgfmodulematrix.code.tex
File: pgfmodulematrix.code.tex 2021/05/15 v3.1.9a (3.1.9a)
\pgfmatrixcurrentrow=\count297
\pgfmatrixcurrentcolumn=\count298
\pgf@matrix@numberofcolumns=\count299
)
\tikz@expandcount=\count300
 (/usr/share/texmf-dist/tex/generic/pgf/frontendlayer/tikz/libraries/tikzlibrarytopaths.code.tex
File: tikzlibrarytopaths.code.tex 2021/05/15 v3.1.9a (3.1.9a)
))) (/usr/share/texmf-dist/tex/latex/l3backend/l3backend-pdftex.def
File: l3backend-pdftex.def 2022-04-14 L3 backend support: PDF output (pdfTeX)
\l__color_backend_stack_int=\count301
\l__pdf_internal_box=\box65
) (./main.aux (./TeX_files/chapter01.aux) (./TeX_files/chapter03.aux) (./TeX_files/chapter02.aux) (./TeX_files/chapter04.aux) (./TeX_files/chapter05.aux))
\openout1 = `main.aux'.

LaTeX Font Info:    Checking defaults for OML/cmm/m/it on input line 21.
LaTeX Font Info:    ... okay on input line 21.
LaTeX Font Info:    Checking defaults for OMS/cmsy/m/n on input line 21.
LaTeX Font Info:    ... okay on input line 21.
LaTeX Font Info:    Checking defaults for OT1/cmr/m/n on input line 21.
LaTeX Font Info:    ... okay on input line 21.
LaTeX Font Info:    Checking defaults for T1/cmr/m/n on input line 21.
LaTeX Font Info:    ... okay on input line 21.
LaTeX Font Info:    Checking defaults for TS1/cmr/m/n on input line 21.
LaTeX Font Info:    ... okay on input line 21.
LaTeX Font Info:    Checking defaults for OMX/cmex/m/n on input line 21.
LaTeX Font Info:    ... okay on input line 21.
LaTeX Font Info:    Checking defaults for U/cmr/m/n on input line 21.
LaTeX Font Info:    ... okay on input line 21.
 (/usr/share/texmf-dist/tex/context/base/mkii/supp-pdf.mkii
[Loading MPS to PDF converter (version 2006.09.02).]
\scratchcounter=\count302
\scratchdimen=\dimen260
\scratchbox=\box66
\nofMPsegments=\count303
\nofMParguments=\count304
\everyMPshowfont=\toks37
\MPscratchCnt=\count305
\MPscratchDim=\dimen261
\MPnumerator=\count306
\makeMPintoPDFobject=\count307
\everyMPtoPDFconversion=\toks38
) (/usr/share/texmf-dist/tex/latex/epstopdf-pkg/epstopdf-base.sty
Package: epstopdf-base 2020-01-24 v2.11 Base part for package epstopdf
Package epstopdf-base Info: Redefining graphics rule for `.eps' on input line 485.
 (/usr/share/texmf-dist/tex/latex/latexconfig/epstopdf-sys.cfg
File: epstopdf-sys.cfg 2010/07/13 v1.3 Configuration of (r)epstopdf for TeX Live
))
\c@lstlisting=\count308
 [1



{/var/lib/texmf/fonts/map/pdftex/updmap/pdftex.map}] (./main.toc [2

])
\tf@toc=\write4
\openout4 = `main.toc'.

 [3]
\openout2 = `./TeX_files/chapter01.aux'.

 (./TeX_files/chapter01.tex
Chapter 1.
[1



] [2]
LaTeX Font Info:    Trying to load font information for OMS+cmr on input line 53.
 (/usr/share/texmf-dist/tex/latex/base/omscmr.fd
File: omscmr.fd 2019/12/16 v2.5j Standard LaTeX font definitions
)
LaTeX Font Info:    Font shape `OMS/cmr/m/n' in size <10> not available
(Font)              Font shape `OMS/cmsy/m/n' tried instead on input line 53.
 [3] [4]
<images/screenshot001.png, id=40, 609.77812pt x 609.77812pt>
File: images/screenshot001.png Graphic file (type png)
<use images/screenshot001.png>
Package pdftex.def Info: images/screenshot001.png  used on input line 99.
(pdftex.def)             Requested size: 272.99881pt x 273.00195pt.
 [5 <./images/screenshot001.png>] [6]
<images/screenshot002.png, id=49, 800.9925pt x 587.19376pt>
File: images/screenshot002.png Graphic file (type png)
<use images/screenshot002.png>
Package pdftex.def Info: images/screenshot002.png  used on input line 123.
(pdftex.def)             Requested size: 272.99881pt x 200.13602pt.
 [7 <./images/screenshot002.png (PNG copy)>] [8]
<images/screenshot003.png, id=56, 385.44pt x 259.7203pt>
File: images/screenshot003.png Graphic file (type png)
<use images/screenshot003.png>
Package pdftex.def Info: images/screenshot003.png  used on input line 145.
(pdftex.def)             Requested size: 272.99881pt x 183.95488pt.
 [9 <./images/screenshot003.png (PNG copy)>]
Overfull \hbox (7.5607pt too wide) in paragraph at lines 169--170
\OT1/cmr/m/n/12 ally plot the points, that ac-tu-ally hap-pens in a func-tion [][]\OT1/cmtt/m/n/12 createPoints()[]\OT1/cmr/m/n/12 : 
 []

LaTeX Font Info:    Trying to load font information for OML+cmr on input line 175.
(/usr/share/texmf-dist/tex/latex/base/omlcmr.fd
File: omlcmr.fd 2019/12/16 v2.5j Standard LaTeX font definitions
)
LaTeX Font Info:    Font shape `OML/cmr/m/n' in size <10.95> not available
(Font)              Font shape `OML/cmm/m/it' tried instead on input line 175.
LaTeX Font Info:    Font shape `OMS/cmr/m/n' in size <10.95> not available
(Font)              Font shape `OMS/cmsy/m/n' tried instead on input line 175.
 [10] [11] [12] [13] [14] [15] [16]
<images/renderanimate.png, id=86, 709.90219pt x 699.36281pt>
File: images/renderanimate.png Graphic file (type png)
<use images/renderanimate.png>
Package pdftex.def Info: images/renderanimate.png  used on input line 292.
(pdftex.def)             Requested size: 390.0pt x 384.21321pt.
 [17 <./images/renderanimate.png (PNG copy)>]
<images/input.png, id=90, 435.12563pt x 729.47531pt>
File: images/input.png Graphic file (type png)
<use images/input.png>
Package pdftex.def Info: images/input.png  used on input line 301.
(pdftex.def)             Requested size: 234.00238pt x 392.30795pt.
 [18 <./images/input.png (PNG copy)>]
<images/apireq.png, id=94, 811.53188pt x 350.81062pt>
File: images/apireq.png Graphic file (type png)
<use images/apireq.png>
Package pdftex.def Info: images/apireq.png  used on input line 310.
(pdftex.def)             Requested size: 390.0pt x 168.59593pt.
<images/conclusionary.png, id=95, 463.7325pt x 394.47375pt>
File: images/conclusionary.png Graphic file (type png)
<use images/conclusionary.png>
Package pdftex.def Info: images/conclusionary.png  used on input line 318.
(pdftex.def)             Requested size: 245.7019pt x 209.00989pt.
 [19 <./images/apireq.png (PNG copy)> <./images/conclusionary.png (PNG copy)>] [20] [21]) [22]
\openout2 = `./TeX_files/chapter03.aux'.

 (./TeX_files/chapter03.tex
Chapter 2.

Underfull \vbox (badness 1147) has occurred while \output is active []

 [23




] [24]
<images/screenshot004.png, id=115, 301.125pt x 289.08pt>
File: images/screenshot004.png Graphic file (type png)
<use images/screenshot004.png>
Package pdftex.def Info: images/screenshot004.png  used on input line 60.
(pdftex.def)             Requested size: 77.99881pt x 74.87671pt.
 [25 <./images/screenshot004.png>]
Overfull \hbox (3.4788pt too wide) detected at line 70
\OML/cmm/m/it/12 Normal \OMS/cmsy/m/n/12 ^^A [] \OT1/cmr/m/n/12 = []
 []

[26] [27]
<images/lat_long.png, id=128, 436.63126pt x 341.275pt>
File: images/lat_long.png Graphic file (type png)
<use images/lat_long.png>
Package pdftex.def Info: images/lat_long.png  used on input line 115.
(pdftex.def)             Requested size: 272.99881pt x 213.37965pt.
 [28 <./images/lat_long.png>] [29] [30] [31]
<images/globe.jpg, id=143, 100.2144pt x 100.2144pt>
File: images/globe.jpg Graphic file (type jpg)
<use images/globe.jpg>
Package pdftex.def Info: images/globe.jpg  used on input line 239.
(pdftex.def)             Requested size: 155.99762pt x 156.01422pt.
<images/nasa.jpg, id=144, 4946.48pt x 3292.3pt>
File: images/nasa.jpg Graphic file (type jpg)
<use images/nasa.jpg>
Package pdftex.def Info: images/nasa.jpg  used on input line 247.
(pdftex.def)             Requested size: 155.99762pt x 103.78838pt.
 [32 <./images/globe.jpg> <./images/nasa.jpg>]
<images/circled.png, id=148, 490.83376pt x 278.54062pt>
File: images/circled.png Graphic file (type png)
<use images/circled.png>
Package pdftex.def Info: images/circled.png  used on input line 257.
(pdftex.def)             Requested size: 350.99762pt x 199.19328pt.
 [33 <./images/circled.png (PNG copy)>]
<images/layout.png, id=152, 889.07156pt x 621.82312pt>
File: images/layout.png Graphic file (type png)
<use images/layout.png>
Package pdftex.def Info: images/layout.png  used on input line 270.
(pdftex.def)             Requested size: 350.99762pt x 245.48935pt.
 [34 <./images/layout.png (PNG copy)>]) [35]
\openout2 = `./TeX_files/chapter02.aux'.

 (./TeX_files/chapter02.tex
Chapter 3.
[36




] (/usr/share/texmf-dist/tex/latex/listings/lstlang1.sty
File: lstlang1.sty 2020/03/24 1.8d listings language file
) (/usr/share/texmf-dist/tex/latex/listings/lstmisc.sty
File: lstmisc.sty 2020/03/24 1.8d (Carsten Heinz)
)
<images/setup_output.png, id=163, 594.72188pt x 126.4725pt>
File: images/setup_output.png Graphic file (type png)
<use images/setup_output.png>
Package pdftex.def Info: images/setup_output.png  used on input line 41.
(pdftex.def)             Requested size: 272.99881pt x 58.05453pt.
 [37 <./images/setup_output.png (PNG copy)>] [38] [39] [40]
<images/setup_output2.png, id=179, 1442.38875pt x 735.49782pt>
File: images/setup_output2.png Graphic file (type png)
<use images/setup_output2.png>
Package pdftex.def Info: images/setup_output2.png  used on input line 124.
(pdftex.def)             Requested size: 272.99881pt x 139.20734pt.
 [41 <./images/setup_output2.png (PNG copy)>]
<images/setup_output4.png, id=183, 150.5625pt x 109.1578pt>
File: images/setup_output4.png Graphic file (type png)
<use images/setup_output4.png>
Package pdftex.def Info: images/setup_output4.png  used on input line 145.
(pdftex.def)             Requested size: 117.00119pt x 84.8296pt.

Overfull \hbox (28.94548pt too wide) in paragraph at lines 148--148
[][]\OT1/cmr/m/n/10 https://cdn.kastatic.org/ka-perseus-images/d24dd08a0ea7aaeeaa90d84f642e12998df3ffe7.svg| 
 []


Overfull \hbox (6.20041pt too wide) in paragraph at lines 150--151
\OT1/cmr/m/n/12 colour, how-ever we can set the [][]\OT1/cmtt/m/n/12 wireframe []\OT1/cmr/m/n/12 at-tribute in the [][]\OT1/cmtt/m/n/12 MeshBasicMaterial
 []

<images/setup_output3.png, id=184, 1444.64719pt x 743.77875pt>
File: images/setup_output3.png Graphic file (type png)
<use images/setup_output3.png>
Package pdftex.def Info: images/setup_output3.png  used on input line 160.
(pdftex.def)             Requested size: 195.0pt x 100.39444pt.
[42 <./images/setup_output4.png> <./images/setup_output3.png (PNG copy)>] [43] [44] [45]
Overfull \hbox (28.32518pt too wide) in paragraph at lines 282--284
\OT1/cmr/m/n/12 Now, we pass our user de-fined shaders into the [][]\OT1/cmtt/m/n/12 vertexShader []\OT1/cmr/m/n/12 and [][]\OT1/cmtt/m/n/12 fragmentShader
 []

[46]
<images/shader_output1.png, id=202, 566.115pt x 142.28156pt>
File: images/shader_output1.png Graphic file (type png)
<use images/shader_output1.png>
Package pdftex.def Info: images/shader_output1.png  used on input line 295.
(pdftex.def)             Requested size: 272.99881pt x 68.61351pt.
<images/shader_output2.png, id=203, 589.4522pt x 19.57312pt>
File: images/shader_output2.png Graphic file (type png)
<use images/shader_output2.png>
Package pdftex.def Info: images/shader_output2.png  used on input line 309.
(pdftex.def)             Requested size: 272.99881pt x 9.06526pt.

Overfull \hbox (2.1568pt too wide) in paragraph at lines 305--314
\OT1/cmr/m/n/12 We de-fine func-tions in GLSL like [][]\OT1/cmtt/m/n/12 type function_name(types...) { ... }[]\OT1/cmr/m/n/12 .
 []

[47 <./images/shader_output1.png (PNG copy)> <./images/shader_output2.png (PNG copy)>]
Overfull \hbox (4.01257pt too wide) in paragraph at lines 315--316
\OT1/cmr/m/n/12 many ver-tices and per-forms cal-cu-la-tions on these ver-tices so that they 'project'
 []

[48]
<images/shader_output3.png, id=212, 722.7pt x 406.51875pt>
File: images/shader_output3.png Graphic file (type png)
<use images/shader_output3.png>
Package pdftex.def Info: images/shader_output3.png  used on input line 356.
(pdftex.def)             Requested size: 195.0pt x 109.68709pt.
<images/shader_output4.png, id=213, 722.7pt x 406.51875pt>
File: images/shader_output4.png Graphic file (type png)
<use images/shader_output4.png>
Package pdftex.def Info: images/shader_output4.png  used on input line 363.
(pdftex.def)             Requested size: 195.0pt x 109.68709pt.
<images/shader_output6.png, id=214, 453.19313pt x 442.65375pt>
File: images/shader_output6.png Graphic file (type png)
<use images/shader_output6.png>
Package pdftex.def Info: images/shader_output6.png  used on input line 370.
(pdftex.def)             Requested size: 195.0pt x 190.46573pt.

Overfull \hbox (6.25085pt too wide) in paragraph at lines 352--377
\OT1/cmr/m/n/10 Im-ages taken from http://www.opengl-tutorial.org/beginners-tutorials/tutorial-3-matrices/
 []

[49 <./images/shader_output3.png (PNG copy)> <./images/shader_output4.png (PNG copy)>] [50 <./images/shader_output6.png>]
<images/mapping.png, id=222, 379.4175pt x 380.92313pt>
File: images/mapping.png Graphic file (type png)
<use images/mapping.png>
Package pdftex.def Info: images/mapping.png  used on input line 394.
(pdftex.def)             Requested size: 195.0pt x 195.77362pt.
 [51 <./images/mapping.png (PNG copy)>] [52] [53]
<images/atmosphere.png, id=233, 422.32782pt x 389.95688pt>
File: images/atmosphere.png Graphic file (type png)
<use images/atmosphere.png>
Package pdftex.def Info: images/atmosphere.png  used on input line 454.
(pdftex.def)             Requested size: 195.0pt x 180.05472pt.
 [54 <./images/atmosphere.png (PNG copy)>] [55]
<images/stars.png, id=240, 255.95625pt x 240.14719pt>
File: images/stars.png Graphic file (type png)
<use images/stars.png>
Package pdftex.def Info: images/stars.png  used on input line 512.
(pdftex.def)             Requested size: 195.0pt x 182.95712pt.
 [56 <./images/stars.png (PNG copy)>] [57] [58] [59]
<images/back.png, id=254, 731.73375pt x 635.37375pt>
File: images/back.png Graphic file (type png)
<use images/back.png>
Package pdftex.def Info: images/back.png  used on input line 655.
(pdftex.def)             Requested size: 117.00119pt x 101.59401pt.
<images/zoom.png, id=255, 304.88907pt x 271.76532pt>
File: images/zoom.png Graphic file (type png)
<use images/zoom.png>
Package pdftex.def Info: images/zoom.png  used on input line 662.
(pdftex.def)             Requested size: 117.00119pt x 104.28786pt.
 [60 <./images/back.png (PNG copy)> <./images/zoom.png (PNG copy)>]
<images/clicked.png, id=259, 290.58563pt x 169.38281pt>
File: images/clicked.png Graphic file (type png)
<use images/clicked.png>
Package pdftex.def Info: images/clicked.png  used on input line 683.
(pdftex.def)             Requested size: 234.00238pt x 136.40326pt.
<images/coords.png, id=260, 394.47375pt x 179.16937pt>
File: images/coords.png Graphic file (type png)
<use images/coords.png>
Package pdftex.def Info: images/coords.png  used on input line 701.
(pdftex.def)             Requested size: 272.99881pt x 123.99606pt.
 [61 <./images/clicked.png (PNG copy)>] [62 <./images/coords.png (PNG copy)>]
<images/latlong.png, id=267, 417.05812pt x 144.54pt>
File: images/latlong.png Graphic file (type png)
<use images/latlong.png>
Package pdftex.def Info: images/latlong.png  used on input line 741.
(pdftex.def)             Requested size: 272.99881pt x 94.61813pt.

Overfull \hbox (67.08572pt too wide) in paragraph at lines 738--748
\OT1/cmr/m/n/12 I got my file from this MIT Li-censed github repos-i-tory: https://github.com/eesur/country-
 []

[63 <./images/latlong.png (PNG copy)>]
<images/closest.png, id=271, 570.63188pt x 77.53969pt>
File: images/closest.png Graphic file (type png)
<use images/closest.png>
Package pdftex.def Info: images/closest.png  used on input line 786.
(pdftex.def)             Requested size: 234.00238pt x 31.79738pt.
 [64 <./images/closest.png (PNG copy)>] [65] [66] [67]
<images/bar.png, id=285, 1091.57813pt x 733.99219pt>
File: images/bar.png Graphic file (type png)
<use images/bar.png>
Package pdftex.def Info: images/bar.png  used on input line 918.
(pdftex.def)             Requested size: 272.99881pt x 183.56479pt.
 [68] [69 <./images/bar.png (PNG copy)>]
<images/ui.png, id=292, 863.47594pt x 502.87875pt>
File: images/ui.png Graphic file (type png)
<use images/ui.png>
Package pdftex.def Info: images/ui.png  used on input line 969.
(pdftex.def)             Requested size: 272.99881pt x 158.99081pt.
 [70 <./images/ui.png (PNG copy)>] [71]
Underfull \vbox (badness 10000) has occurred while \output is active []

 [72]
Underfull \vbox (badness 10000) has occurred while \output is active []

 [73]
Underfull \vbox (badness 10000) has occurred while \output is active []

 [74]
Underfull \vbox (badness 10000) has occurred while \output is active []

 [75]
Underfull \vbox (badness 10000) has occurred while \output is active []

 [76]
Underfull \vbox (badness 10000) has occurred while \output is active []

 [77] [78]
Underfull \vbox (badness 10000) has occurred while \output is active []

 [79]
<images/final.png, id=325, 1139.75812pt x 730.22812pt>
File: images/final.png Graphic file (type png)
<use images/final.png>
Package pdftex.def Info: images/final.png  used on input line 1332.
(pdftex.def)             Requested size: 272.99881pt x 174.90176pt.
) [80 <./images/final.png (PNG copy)>]
\openout2 = `./TeX_files/chapter04.aux'.

 (./TeX_files/chapter04.tex
Chapter 4.
[81




]
<images/usa.png, id=332, 1051.67906pt x 714.41907pt>
File: images/usa.png Graphic file (type png)
<use images/usa.png>
Package pdftex.def Info: images/usa.png  used on input line 12.
(pdftex.def)             Requested size: 155.99762pt x 105.97pt.
<images/spain.png, id=333, 898.10532pt x 720.44156pt>
File: images/spain.png Graphic file (type png)
<use images/spain.png>
Package pdftex.def Info: images/spain.png  used on input line 18.
(pdftex.def)             Requested size: 155.99762pt x 125.13376pt.
<images/pt.png, id=334, 977.15062pt x 721.94719pt>
File: images/pt.png Graphic file (type png)
<use images/pt.png>
Package pdftex.def Info: images/pt.png  used on input line 24.
(pdftex.def)             Requested size: 155.99762pt x 115.24951pt.
 [82 <./images/usa.png (PNG copy)> <./images/spain.png (PNG copy)> <./images/pt.png (PNG copy)>]
<images/luxembourg.png, id=339, 1062.21844pt x 724.20563pt>
File: images/luxembourg.png Graphic file (type png)
<use images/luxembourg.png>
Package pdftex.def Info: images/luxembourg.png  used on input line 32.
(pdftex.def)             Requested size: 155.99762pt x 106.34975pt.
<images/italy.png, id=340, 1016.29688pt x 725.71124pt>
File: images/italy.png Graphic file (type png)
<use images/italy.png>
Package pdftex.def Info: images/italy.png  used on input line 39.
(pdftex.def)             Requested size: 155.99762pt x 111.3878pt.
<images/capeverde.png, id=341, 1101.36469pt x 718.93594pt>
File: images/capeverde.png Graphic file (type png)
<use images/capeverde.png>
Package pdftex.def Info: images/capeverde.png  used on input line 46.
(pdftex.def)             Requested size: 155.99762pt x 101.82414pt.
<images/falklands.png, id=342, 1032.10594pt x 725.71124pt>
File: images/falklands.png Graphic file (type png)
<use images/falklands.png>
Package pdftex.def Info: images/falklands.png  used on input line 53.
(pdftex.def)             Requested size: 155.99762pt x 109.6825pt.
 [83 <./images/luxembourg.png (PNG copy)> <./images/italy.png (PNG copy)> <./images/capeverde.png (PNG copy)>] [84 <./images/falklands.png (PNG copy)>] [85]) [86]
\openout2 = `./TeX_files/chapter05.aux'.

 (./TeX_files/chapter05.tex
Chapter 5.

Overfull \hbox (16.74374pt too wide) in paragraph at lines 2--2
[]\OT1/cmr/bx/n/17.28 Objective Com-plete-ness and Im-prove-ments 
 []

[87




]) [88] (./main.aux (./TeX_files/chapter01.aux) (./TeX_files/chapter03.aux) (./TeX_files/chapter02.aux) (./TeX_files/chapter04.aux) (./TeX_files/chapter05.aux)) ) 
Here is how much of TeX's memory you used:
 15721 strings out of 478238
 305743 string characters out of 5850456
 953491 words of memory out of 5000000
 33647 multiletter control sequences out of 15000+600000
 479658 words of font info for 64 fonts, out of 8000000 for 9000
 1141 hyphenation exceptions out of 8191
 84i,14n,80p,974b,1691s stack positions out of 5000i,500n,10000p,200000b,80000s
{/usr/share/texmf-dist/fonts/enc/dvips/cm-super/cm-super-ts1.enc}</usr/share/texmf-dist/fonts/type1/public/amsfonts/cm/cmbx10.pfb></usr/share/texmf-dist/fonts/type1/public/amsfonts/cm/cmbx12.pfb></usr/share/texmf-dist/fonts/type1/public/amsfonts/cm/cmex10.pfb></usr/share/texmf-dist/fonts/type1/public/amsfonts/cm/cmmi10.pfb></usr/share/texmf-dist/fonts/type1/public/amsfonts/cm/cmmi12.pfb></usr/share/texmf-dist/fonts/type1/public/amsfonts/cm/cmmi8.pfb></usr/share/texmf-dist/fonts/type1/public/amsfonts/cm/cmr10.pfb></usr/share/texmf-dist/fonts/type1/public/amsfonts/cm/cmr12.pfb></usr/share/texmf-dist/fonts/type1/public/amsfonts/cm/cmr17.pfb></usr/share/texmf-dist/fonts/type1/public/amsfonts/cm/cmr7.pfb></usr/share/texmf-dist/fonts/type1/public/amsfonts/cm/cmr8.pfb></usr/share/texmf-dist/fonts/type1/public/amsfonts/cm/cmsl12.pfb></usr/share/texmf-dist/fonts/type1/public/amsfonts/cm/cmsy10.pfb></usr/share/texmf-dist/fonts/type1/public/amsfonts/cm/cmsy8.pfb></usr/share/texmf-dist/fonts/type1/public/amsfonts/cm/cmti12.pfb></usr/share/texmf-dist/fonts/type1/public/amsfonts/cm/cmtt10.pfb></usr/share/texmf-dist/fonts/type1/public/amsfonts/cm/cmtt12.pfb></usr/share/texmf-dist/fonts/type1/public/cm-super/sfrm1000.pfb></usr/share/texmf-dist/fonts/type1/public/cm-super/sfrm1095.pfb></usr/share/texmf-dist/fonts/type1/public/cm-super/sfrm1200.pfb>
Output written on main.pdf (91 pages, 9595465 bytes).
PDF statistics:
 450 PDF objects out of 1000 (max. 8388607)
 268 compressed objects within 3 object streams
 0 named destinations out of 1000 (max. 500000)
 218 words of extra memory for PDF output out of 10000 (max. 10000000)

